{
  "RSpec": {
    "coverage": {
      "/Users/samuel/Documents/Ruby/gazooy/app/models/user.rb": [
        1,
        null,
        null,
        null,
        1,
        1,
        1,
        null,
        null,
        1,
        55,
        null,
        1,
        null,
        null,
        null,
        null,
        null,
        null,
        null,
        null,
        null,
        null,
        null,
        null,
        null,
        null,
        null,
        null,
        null,
        null,
        null,
        null,
        null,
        null,
        null,
        null
      ],
      "/Users/samuel/Documents/Ruby/gazooy/app/models/application_record.rb": [
        1,
        1,
        1,
        1,
        0,
        null,
        null,
        null
      ],
      "/Users/samuel/Documents/Ruby/gazooy/app/helpers/application_helper.rb": [
        1,
        null
      ],
      "/Users/samuel/Documents/Ruby/gazooy/app/helpers/comments_helper.rb": [
        1,
        null
      ],
      "/Users/samuel/Documents/Ruby/gazooy/app/helpers/form_helper.rb": [
        1,
        1,
        0,
        null,
        null,
        1,
        0,
        0,
        null,
        0,
        0,
        0,
        0,
        null,
        null,
        null
      ],
      "/Users/samuel/Documents/Ruby/gazooy/app/helpers/gazooies_helper.rb": [
        1,
        null
      ],
      "/Users/samuel/Documents/Ruby/gazooy/app/helpers/gazooys_helper.rb": [
        1,
        null
      ],
      "/Users/samuel/Documents/Ruby/gazooy/app/helpers/hash_tags_helper.rb": [
        1,
        null
      ],
      "/Users/samuel/Documents/Ruby/gazooy/app/helpers/news_helper.rb": [
        1,
        null
      ],
      "/Users/samuel/Documents/Ruby/gazooy/app/helpers/pages_helper.rb": [
        1,
        null
      ],
      "/Users/samuel/Documents/Ruby/gazooy/app/helpers/profiles_helper.rb": [
        1,
        null
      ],
      "/Users/samuel/Documents/Ruby/gazooy/app/models/profile.rb": [
        1,
        1,
        1,
        1,
        1,
        null,
        null,
        null,
        null,
        null,
        null,
        null,
        null
      ],
      "/Users/samuel/Documents/Ruby/gazooy/app/uploaders/avatar_uploader.rb": [
        1,
        null,
        null,
        1,
        null,
        null,
        1,
        null,
        null,
        null,
        null,
        1,
        8,
        null,
        null,
        null,
        null,
        null,
        null,
        null,
        null,
        null,
        null,
        null,
        null,
        null,
        null,
        null,
        null,
        null,
        null,
        1,
        1,
        null,
        null,
        null,
        null,
        null,
        null,
        null,
        null,
        null,
        null,
        null,
        null,
        null,
        null
      ],
      "/Users/samuel/Documents/Ruby/gazooy/app/controllers/application_controller.rb": [
        1,
        1,
        null,
        1,
        null,
        1,
        14,
        14,
        14,
        14,
        null,
        null
      ],
      "/Users/samuel/Documents/Ruby/gazooy/app/controllers/gazooys_controller.rb": [
        1,
        1,
        null,
        null,
        null,
        1,
        9,
        9,
        9,
        9,
        null,
        null,
        null,
        null,
        null,
        1,
        null,
        null,
        null,
        null,
        1,
        0,
        null,
        null,
        null,
        null,
        null,
        null,
        null,
        null,
        null,
        1,
        null,
        null,
        null,
        null,
        1,
        0,
        0,
        0,
        0,
        0,
        0,
        null,
        0,
        0,
        null,
        null,
        null,
        null,
        null,
        null,
        1,
        0,
        0,
        0,
        0,
        null,
        0,
        0,
        null,
        null,
        null,
        null,
        null,
        null,
        1,
        0,
        0,
        0,
        0,
        null,
        null,
        null,
        1,
        null,
        1,
        0,
        null,
        null,
        null,
        1,
        0,
        null,
        null
      ],
      "/Users/samuel/Documents/Ruby/gazooy/app/models/gazooy.rb": [
        1,
        1,
        null
      ],
      "/Users/samuel/Documents/Ruby/gazooy/app/models/page.rb": [
        1,
        null,
        1,
        null,
        1,
        0,
        null,
        null,
        null,
        null,
        null,
        null,
        null,
        null,
        1,
        0,
        null,
        1,
        0,
        null,
        null
      ],
      "/Users/samuel/Documents/Ruby/gazooy/app/controllers/profiles_controller.rb": [
        1,
        1,
        null,
        null,
        null,
        1,
        0,
        null,
        null,
        null,
        null,
        1,
        7,
        null,
        null,
        null,
        1,
        0,
        null,
        null,
        null,
        1,
        5,
        5,
        5,
        null,
        0,
        null,
        null,
        null,
        null,
        null,
        1,
        0,
        null,
        0,
        0,
        0,
        0,
        null,
        0,
        0,
        null,
        null,
        null,
        null,
        null,
        null,
        1,
        2,
        2,
        4,
        2,
        null,
        0,
        0,
        null,
        null,
        null,
        null,
        null,
        null,
        1,
        0,
        0,
        0,
        0,
        null,
        null,
        null,
        1,
        null,
        1,
        14,
        14,
        8,
        null,
        6,
        null,
        null,
        null,
        null,
        1,
        2,
        null,
        null
      ],
      "/Users/samuel/Documents/Ruby/gazooy/app/mailers/application_mailer.rb": [
        0,
        0,
        0,
        0
      ],
      "/Users/samuel/Documents/Ruby/gazooy/app/models/news.rb": [
        0,
        0
      ],
      "/Users/samuel/Documents/Ruby/gazooy/app/models/hash_tag.rb": [
        0,
        0
      ],
      "/Users/samuel/Documents/Ruby/gazooy/app/models/comment.rb": [
        0,
        0
      ],
      "/Users/samuel/Documents/Ruby/gazooy/app/jobs/application_job.rb": [
        0,
        0
      ],
      "/Users/samuel/Documents/Ruby/gazooy/app/controllers/news_controller.rb": [
        null,
        0,
        0,
        null,
        null,
        null,
        0,
        0,
        null,
        null,
        0,
        null,
        null,
        null,
        0,
        null,
        null,
        null,
        null,
        0,
        0,
        0,
        null,
        null,
        0,
        0,
        0,
        null,
        null,
        0,
        0,
        null,
        null,
        null,
        0,
        0,
        null,
        0,
        0,
        0,
        0,
        0,
        0,
        0,
        0,
        0,
        0,
        null,
        null,
        null,
        0,
        0,
        0,
        0,
        0,
        0,
        0,
        0,
        0,
        0,
        0,
        null,
        null,
        null,
        0,
        0,
        0,
        0,
        0,
        0,
        0,
        null,
        0,
        null,
        0,
        0,
        0,
        null,
        null,
        0,
        0,
        0,
        0
      ],
      "/Users/samuel/Documents/Ruby/gazooy/app/controllers/hash_tags_controller.rb": [
        0,
        0,
        null,
        null,
        null,
        0,
        0,
        0,
        null,
        null,
        null,
        0,
        0,
        null,
        null,
        0,
        0,
        0,
        null,
        null,
        0,
        0,
        null,
        null,
        null,
        0,
        0,
        null,
        0,
        0,
        0,
        0,
        0,
        0,
        0,
        0,
        0,
        0,
        null,
        null,
        null,
        0,
        0,
        0,
        0,
        0,
        0,
        0,
        0,
        0,
        0,
        0,
        null,
        null,
        null,
        0,
        0,
        0,
        0,
        0,
        0,
        0,
        null,
        0,
        null,
        0,
        0,
        0,
        null,
        null,
        0,
        0,
        0,
        0
      ],
      "/Users/samuel/Documents/Ruby/gazooy/app/controllers/comments_controller.rb": [
        0,
        0,
        null,
        null,
        null,
        0,
        0,
        0,
        null,
        null,
        null,
        0,
        0,
        null,
        null,
        0,
        0,
        0,
        null,
        null,
        0,
        0,
        null,
        null,
        null,
        0,
        0,
        0,
        0,
        0,
        0,
        0,
        0,
        0,
        0,
        0,
        0,
        0,
        0,
        null,
        null,
        null,
        0,
        0,
        0,
        0,
        0,
        0,
        0,
        0,
        0,
        0,
        0,
        0,
        0,
        0,
        null,
        null,
        null,
        0,
        0,
        0,
        0,
        0,
        0,
        0,
        null,
        0,
        null,
        0,
        0,
        0,
        null,
        null,
        0,
        0,
        0,
        0
      ],
      "/Users/samuel/Documents/Ruby/gazooy/app/controllers/pages_controller.rb": [
        0,
        0,
        null,
        null,
        null,
        0,
        0,
        0,
        null,
        null,
        null,
        0,
        0,
        null,
        null,
        0,
        0,
        0,
        0,
        null,
        null,
        0,
        0,
        0,
        null,
        null,
        null,
        0,
        0,
        null,
        0,
        0,
        0,
        0,
        0,
        0,
        0,
        0,
        0,
        0,
        null,
        null,
        null,
        0,
        0,
        0,
        0,
        0,
        0,
        0,
        0,
        0,
        0,
        0,
        null,
        null,
        null,
        0,
        0,
        0,
        0,
        0,
        0,
        0,
        null,
        0,
        null,
        0,
        0,
        0,
        null,
        null,
        0,
        0,
        0,
        0
      ],
      "/Users/samuel/Documents/Ruby/gazooy/app/controllers/home_controller.rb": [
        0,
        0,
        null,
        null,
        null,
        null,
        0,
        0,
        0,
        0
      ],
      "/Users/samuel/Documents/Ruby/gazooy/app/controllers/gazooies_controller.rb": [
        0,
        0,
        null,
        null,
        null,
        0,
        0,
        0,
        null,
        null,
        null,
        0,
        0,
        null,
        null,
        0,
        0,
        0,
        null,
        null,
        0,
        0,
        null,
        null,
        null,
        0,
        0,
        null,
        0,
        0,
        0,
        0,
        0,
        0,
        0,
        0,
        0,
        0,
        null,
        null,
        null,
        0,
        0,
        0,
        0,
        0,
        0,
        0,
        0,
        0,
        0,
        0,
        null,
        null,
        null,
        0,
        0,
        0,
        0,
        0,
        0,
        0,
        null,
        0,
        null,
        0,
        0,
        0,
        null,
        null,
        0,
        0,
        0,
        0
      ],
      "/Users/samuel/Documents/Ruby/gazooy/app/channels/application_cable/connection.rb": [
        0,
        0,
        0,
        0
      ],
      "/Users/samuel/Documents/Ruby/gazooy/app/channels/application_cable/channel.rb": [
        0,
        0,
        0,
        0
      ]
    },
    "timestamp": 1554064871
  }
}
